<?xml version="1.0" encoding="UTF-8"?>
<!-- Generated by org.testng.reporters.JUnitReportReporter -->
<testsuite hostname="NBCE-5HVFN3E-ML-6039.local" name="artIDCraftDemonstration.SimpleGetTest" tests="1" failures="0" timestamp="20 Sep 2018 19:17:22 GMT" time="2.525" errors="0">
  <testcase name="GetWeatherDetails" time="2.525" classname="artIDCraftDemonstration.SimpleGetTest"/>
</testsuite> <!-- artIDCraftDemonstration.SimpleGetTest -->
