<?xml version="1.0" encoding="UTF-8"?>
<!-- Generated by org.testng.reporters.JUnitReportReporter -->
<testsuite hostname="NBCE5HV3EML6039" name="artIDCraftDemonstration.ValidateResponseStatusCode" tests="1" failures="0" timestamp="21 Sep 2018 06:42:12 GMT" time="0.619" errors="0">
  <testcase name="PositiveResponseStatusCode" time="0.619" classname="artIDCraftDemonstration.ValidateResponseStatusCode"/>
</testsuite> <!-- artIDCraftDemonstration.ValidateResponseStatusCode -->
